<?xml version="1.0" encoding="UTF-8"?>
<!-- Generated by org.testng.reporters.JUnitReportReporter -->
<testsuite skipped="0" hostname="home-PC" name="tests.dataProviderSample" tests="7" failures="0" timestamp="09 Aug 2020 17:41:36 GMT" time="87.957" errors="0">
  <testcase name="test1" time="30.047" classname="tests.dataProviderSample"/>
  <testcase name="test1" time="11.291" classname="tests.dataProviderSample"/>
  <testcase name="test1" time="18.830" classname="tests.dataProviderSample"/>
  <testcase name="test1" time="20.846" classname="tests.dataProviderSample"/>
  <testcase name="test2" time="2.318" classname="tests.dataProviderSample"/>
  <testcase name="test2" time="2.353" classname="tests.dataProviderSample"/>
  <testcase name="test2" time="2.272" classname="tests.dataProviderSample"/>
</testsuite> <!-- tests.dataProviderSample -->
