<?xml version="1.0" encoding="UTF-8"?>
<!-- Generated by org.testng.reporters.JUnitReportReporter -->
<testsuite skipped="1" hostname="home-PC" name="tests.Scenario1" tests="2" failures="0" timestamp="09 Aug 2020 13:52:03 GMT" time="0.015" errors="0">
  <testcase name="test1" time="0.000" classname="tests.Scenario1">
    <skipped/>
  </testcase> <!-- test1 -->
  <testcase name="test2" time="0.015" classname="tests.Scenario1"/>
</testsuite> <!-- tests.Scenario1 -->
